0    [main] DEBUG org.springframework.web.servlet.DispatcherServlet  - Initializing servlet 'main'
52   [main] DEBUG org.springframework.web.context.support.StandardServletEnvironment  - Adding [servletConfigInitParams] PropertySource with lowest search precedence
53   [main] DEBUG org.springframework.web.context.support.StandardServletEnvironment  - Adding [servletContextInitParams] PropertySource with lowest search precedence
55   [main] DEBUG org.springframework.web.context.support.StandardServletEnvironment  - Adding [jndiProperties] PropertySource with lowest search precedence
55   [main] DEBUG org.springframework.web.context.support.StandardServletEnvironment  - Adding [systemProperties] PropertySource with lowest search precedence
56   [main] DEBUG org.springframework.web.context.support.StandardServletEnvironment  - Adding [systemEnvironment] PropertySource with lowest search precedence
58   [main] DEBUG org.springframework.web.context.support.StandardServletEnvironment  - Initialized StandardServletEnvironment with PropertySources [servletConfigInitParams,servletContextInitParams,jndiProperties,systemProperties,systemEnvironment]
59   [main] INFO  org.springframework.web.servlet.DispatcherServlet  - FrameworkServlet 'main': initialization started
63   [main] DEBUG org.springframework.web.servlet.DispatcherServlet  - Servlet with name 'main' will try to create custom WebApplicationContext context of class 'org.springframework.web.context.support.XmlWebApplicationContext', using parent context [null]
90   [main] DEBUG org.springframework.web.context.support.StandardServletEnvironment  - Replacing [servletContextInitParams] PropertySource with [servletContextInitParams]
90   [main] DEBUG org.springframework.web.context.support.StandardServletEnvironment  - Replacing [servletConfigInitParams] PropertySource with [servletConfigInitParams]
92   [main] INFO  org.springframework.web.context.support.XmlWebApplicationContext  - Refreshing WebApplicationContext for namespace 'main-servlet': startup date [Sun Mar 16 19:11:50 EET 2014]; root of context hierarchy
130  [main] DEBUG org.springframework.core.env.StandardEnvironment  - Adding [systemProperties] PropertySource with lowest search precedence
131  [main] DEBUG org.springframework.core.env.StandardEnvironment  - Adding [systemEnvironment] PropertySource with lowest search precedence
131  [main] DEBUG org.springframework.core.env.StandardEnvironment  - Initialized StandardEnvironment with PropertySources [systemProperties,systemEnvironment]
141  [main] INFO  org.springframework.beans.factory.xml.XmlBeanDefinitionReader  - Loading XML bean definitions from ServletContext resource [/WEB-INF/main-servlet.xml]
144  [main] DEBUG org.springframework.beans.factory.xml.DefaultDocumentLoader  - Using JAXP provider [com.sun.org.apache.xerces.internal.jaxp.DocumentBuilderFactoryImpl]
175  [main] DEBUG org.springframework.beans.factory.xml.PluggableSchemaResolver  - Loading schema mappings from [META-INF/spring.schemas]
178  [main] DEBUG org.springframework.beans.factory.xml.PluggableSchemaResolver  - Loaded schema mappings: {http://www.springframework.org/schema/oxm/spring-oxm-3.0.xsd=org/springframework/oxm/config/spring-oxm-3.0.xsd, http://www.springframework.org/schema/util/spring-util.xsd=org/springframework/beans/factory/xml/spring-util-3.2.xsd, http://www.springframework.org/schema/jee/spring-jee-3.2.xsd=org/springframework/ejb/config/spring-jee-3.2.xsd, http://www.springframework.org/schema/mvc/spring-mvc-3.1.xsd=org/springframework/web/servlet/config/spring-mvc-3.1.xsd, http://www.springframework.org/schema/beans/spring-beans-3.1.xsd=org/springframework/beans/factory/xml/spring-beans-3.1.xsd, http://www.springframework.org/schema/task/spring-task.xsd=org/springframework/scheduling/config/spring-task-3.2.xsd, http://www.springframework.org/schema/cache/spring-cache.xsd=org/springframework/cache/config/spring-cache-3.2.xsd, http://www.springframework.org/schema/aop/spring-aop-3.0.xsd=org/springframework/aop/config/spring-aop-3.0.xsd, http://www.springframework.org/schema/task/spring-task-3.1.xsd=org/springframework/scheduling/config/spring-task-3.1.xsd, http://www.springframework.org/schema/aop/spring-aop-2.0.xsd=org/springframework/aop/config/spring-aop-2.0.xsd, http://www.springframework.org/schema/oxm/spring-oxm.xsd=org/springframework/oxm/config/spring-oxm-3.2.xsd, http://www.springframework.org/schema/tool/spring-tool-2.5.xsd=org/springframework/beans/factory/xml/spring-tool-2.5.xsd, http://www.springframework.org/schema/beans/spring-beans.xsd=org/springframework/beans/factory/xml/spring-beans-3.2.xsd, http://www.springframework.org/schema/jee/spring-jee-2.5.xsd=org/springframework/ejb/config/spring-jee-2.5.xsd, http://www.springframework.org/schema/tool/spring-tool-3.1.xsd=org/springframework/beans/factory/xml/spring-tool-3.1.xsd, http://www.springframework.org/schema/jee/spring-jee-3.1.xsd=org/springframework/ejb/config/spring-jee-3.1.xsd, http://www.springframework.org/schema/aop/spring-aop.xsd=org/springframework/aop/config/spring-aop-3.2.xsd, http://www.springframework.org/schema/context/spring-context-3.2.xsd=org/springframework/context/config/spring-context-3.2.xsd, http://www.springframework.org/schema/util/spring-util-3.2.xsd=org/springframework/beans/factory/xml/spring-util-3.2.xsd, http://www.springframework.org/schema/beans/spring-beans-2.0.xsd=org/springframework/beans/factory/xml/spring-beans-2.0.xsd, http://www.springframework.org/schema/mvc/spring-mvc-3.0.xsd=org/springframework/web/servlet/config/spring-mvc-3.0.xsd, http://www.springframework.org/schema/lang/spring-lang-3.2.xsd=org/springframework/scripting/config/spring-lang-3.2.xsd, http://www.springframework.org/schema/beans/spring-beans-3.0.xsd=org/springframework/beans/factory/xml/spring-beans-3.0.xsd, http://www.springframework.org/schema/cache/spring-cache-3.2.xsd=org/springframework/cache/config/spring-cache-3.2.xsd, http://www.springframework.org/schema/task/spring-task-3.0.xsd=org/springframework/scheduling/config/spring-task-3.0.xsd, http://www.springframework.org/schema/oxm/spring-oxm-3.2.xsd=org/springframework/oxm/config/spring-oxm-3.2.xsd, http://www.springframework.org/schema/context/spring-context-2.5.xsd=org/springframework/context/config/spring-context-2.5.xsd, http://www.springframework.org/schema/tool/spring-tool-3.0.xsd=org/springframework/beans/factory/xml/spring-tool-3.0.xsd, http://www.springframework.org/schema/util/spring-util-2.5.xsd=org/springframework/beans/factory/xml/spring-util-2.5.xsd, http://www.springframework.org/schema/tool/spring-tool-2.0.xsd=org/springframework/beans/factory/xml/spring-tool-2.0.xsd, http://www.springframework.org/schema/lang/spring-lang.xsd=org/springframework/scripting/config/spring-lang-3.2.xsd, http://www.springframework.org/schema/lang/spring-lang-2.5.xsd=org/springframework/scripting/config/spring-lang-2.5.xsd, http://www.springframework.org/schema/aop/spring-aop-3.2.xsd=org/springframework/aop/config/spring-aop-3.2.xsd, http://www.springframework.org/schema/jee/spring-jee-3.0.xsd=org/springframework/ejb/config/spring-jee-3.0.xsd, http://www.springframework.org/schema/jee/spring-jee-2.0.xsd=org/springframework/ejb/config/spring-jee-2.0.xsd, http://www.springframework.org/schema/context/spring-context-3.1.xsd=org/springframework/context/config/spring-context-3.1.xsd, http://www.springframework.org/schema/util/spring-util-3.1.xsd=org/springframework/beans/factory/xml/spring-util-3.1.xsd, http://www.springframework.org/schema/lang/spring-lang-3.1.xsd=org/springframework/scripting/config/spring-lang-3.1.xsd, http://www.springframework.org/schema/cache/spring-cache-3.1.xsd=org/springframework/cache/config/spring-cache-3.1.xsd, http://www.springframework.org/schema/context/spring-context.xsd=org/springframework/context/config/spring-context-3.2.xsd, http://www.springframework.org/schema/jee/spring-jee.xsd=org/springframework/ejb/config/spring-jee-3.2.xsd, http://www.springframework.org/schema/oxm/spring-oxm-3.1.xsd=org/springframework/oxm/config/spring-oxm-3.1.xsd, http://www.springframework.org/schema/aop/spring-aop-2.5.xsd=org/springframework/aop/config/spring-aop-2.5.xsd, http://www.springframework.org/schema/mvc/spring-mvc.xsd=org/springframework/web/servlet/config/spring-mvc-3.2.xsd, http://www.springframework.org/schema/mvc/spring-mvc-3.2.xsd=org/springframework/web/servlet/config/spring-mvc-3.2.xsd, http://www.springframework.org/schema/beans/spring-beans-3.2.xsd=org/springframework/beans/factory/xml/spring-beans-3.2.xsd, http://www.springframework.org/schema/aop/spring-aop-3.1.xsd=org/springframework/aop/config/spring-aop-3.1.xsd, http://www.springframework.org/schema/task/spring-task-3.2.xsd=org/springframework/scheduling/config/spring-task-3.2.xsd, http://www.springframework.org/schema/context/spring-context-3.0.xsd=org/springframework/context/config/spring-context-3.0.xsd, http://www.springframework.org/schema/tool/spring-tool.xsd=org/springframework/beans/factory/xml/spring-tool-3.2.xsd, http://www.springframework.org/schema/util/spring-util-3.0.xsd=org/springframework/beans/factory/xml/spring-util-3.0.xsd, http://www.springframework.org/schema/util/spring-util-2.0.xsd=org/springframework/beans/factory/xml/spring-util-2.0.xsd, http://www.springframework.org/schema/lang/spring-lang-3.0.xsd=org/springframework/scripting/config/spring-lang-3.0.xsd, http://www.springframework.org/schema/lang/spring-lang-2.0.xsd=org/springframework/scripting/config/spring-lang-2.0.xsd, http://www.springframework.org/schema/tool/spring-tool-3.2.xsd=org/springframework/beans/factory/xml/spring-tool-3.2.xsd, http://www.springframework.org/schema/beans/spring-beans-2.5.xsd=org/springframework/beans/factory/xml/spring-beans-2.5.xsd}
179  [main] DEBUG org.springframework.beans.factory.xml.PluggableSchemaResolver  - Found XML schema [http://www.springframework.org/schema/beans/spring-beans.xsd] in classpath: org/springframework/beans/factory/xml/spring-beans-3.2.xsd
210  [main] DEBUG org.springframework.beans.factory.xml.PluggableSchemaResolver  - Found XML schema [http://www.springframework.org/schema/context/spring-context.xsd] in classpath: org/springframework/context/config/spring-context-3.2.xsd
213  [main] DEBUG org.springframework.beans.factory.xml.PluggableSchemaResolver  - Found XML schema [http://www.springframework.org/schema/tool/spring-tool-3.2.xsd] in classpath: org/springframework/beans/factory/xml/spring-tool-3.2.xsd
218  [main] DEBUG org.springframework.beans.factory.xml.PluggableSchemaResolver  - Found XML schema [http://www.springframework.org/schema/mvc/spring-mvc.xsd] in classpath: org/springframework/web/servlet/config/spring-mvc-3.2.xsd
228  [main] DEBUG org.springframework.beans.factory.xml.DefaultBeanDefinitionDocumentReader  - Loading bean definitions
237  [main] DEBUG org.springframework.beans.factory.xml.DefaultNamespaceHandlerResolver  - Loaded NamespaceHandler mappings: {http://www.springframework.org/schema/p=org.springframework.beans.factory.xml.SimplePropertyNamespaceHandler, http://www.springframework.org/schema/mvc=org.springframework.web.servlet.config.MvcNamespaceHandler, http://www.springframework.org/schema/util=org.springframework.beans.factory.xml.UtilNamespaceHandler, http://www.springframework.org/schema/jee=org.springframework.ejb.config.JeeNamespaceHandler, http://www.springframework.org/schema/aop=org.springframework.aop.config.AopNamespaceHandler, http://www.springframework.org/schema/oxm=org.springframework.oxm.config.OxmNamespaceHandler, http://www.springframework.org/schema/cache=org.springframework.cache.config.CacheNamespaceHandler, http://www.springframework.org/schema/c=org.springframework.beans.factory.xml.SimpleConstructorNamespaceHandler, http://www.springframework.org/schema/task=org.springframework.scheduling.config.TaskNamespaceHandler, http://www.springframework.org/schema/lang=org.springframework.scripting.config.LangNamespaceHandler, http://www.springframework.org/schema/context=org.springframework.context.config.ContextNamespaceHandler}
249  [main] DEBUG org.springframework.core.env.StandardEnvironment  - Adding [systemProperties] PropertySource with lowest search precedence
249  [main] DEBUG org.springframework.core.env.StandardEnvironment  - Adding [systemEnvironment] PropertySource with lowest search precedence
249  [main] DEBUG org.springframework.core.env.StandardEnvironment  - Initialized StandardEnvironment with PropertySources [systemProperties,systemEnvironment]
254  [main] DEBUG org.springframework.context.annotation.ClassPathBeanDefinitionScanner  - JSR-250 'javax.annotation.ManagedBean' found and supported for component scanning
255  [main] DEBUG org.springframework.context.annotation.ClassPathBeanDefinitionScanner  - JSR-330 'javax.inject.Named' annotation found and supported for component scanning
260  [main] DEBUG org.springframework.core.io.support.PathMatchingResourcePatternResolver  - Looking for matching resources in directory tree [D:\dev\misc\jsop-interceptor-poc\target\classes\com\balaguta\sandbox\jsonp\web]
260  [main] DEBUG org.springframework.core.io.support.PathMatchingResourcePatternResolver  - Searching directory [D:\dev\misc\jsop-interceptor-poc\target\classes\com\balaguta\sandbox\jsonp\web] for files matching pattern [D:/dev/misc/jsop-interceptor-poc/target/classes/com/balaguta/sandbox/jsonp/web/**/*.class]
261  [main] DEBUG org.springframework.core.io.support.PathMatchingResourcePatternResolver  - Searching directory [D:\dev\misc\jsop-interceptor-poc\target\classes\com\balaguta\sandbox\jsonp\web\controller] for files matching pattern [D:/dev/misc/jsop-interceptor-poc/target/classes/com/balaguta/sandbox/jsonp/web/**/*.class]
262  [main] DEBUG org.springframework.core.io.support.PathMatchingResourcePatternResolver  - Searching directory [D:\dev\misc\jsop-interceptor-poc\target\classes\com\balaguta\sandbox\jsonp\web\exception] for files matching pattern [D:/dev/misc/jsop-interceptor-poc/target/classes/com/balaguta/sandbox/jsonp/web/**/*.class]
262  [main] DEBUG org.springframework.core.io.support.PathMatchingResourcePatternResolver  - Searching directory [D:\dev\misc\jsop-interceptor-poc\target\classes\com\balaguta\sandbox\jsonp\web\webobject] for files matching pattern [D:/dev/misc/jsop-interceptor-poc/target/classes/com/balaguta/sandbox/jsonp/web/**/*.class]
263  [main] DEBUG org.springframework.core.io.support.PathMatchingResourcePatternResolver  - Resolved location pattern [classpath*:com/balaguta/sandbox/jsonp/web/**/*.class] to resources [file [D:\dev\misc\jsop-interceptor-poc\target\classes\com\balaguta\sandbox\jsonp\web\controller\UserController.class], file [D:\dev\misc\jsop-interceptor-poc\target\classes\com\balaguta\sandbox\jsonp\web\exception\ResourceNotFoundException.class], file [D:\dev\misc\jsop-interceptor-poc\target\classes\com\balaguta\sandbox\jsonp\web\webobject\User.class]]
294  [main] DEBUG org.springframework.context.annotation.ClassPathBeanDefinitionScanner  - Identified candidate component class: file [D:\dev\misc\jsop-interceptor-poc\target\classes\com\balaguta\sandbox\jsonp\web\controller\UserController.class]
349  [main] DEBUG org.springframework.beans.factory.xml.XmlBeanDefinitionReader  - Loaded 18 bean definitions from location pattern [/WEB-INF/main-servlet.xml]
349  [main] DEBUG org.springframework.web.context.support.XmlWebApplicationContext  - Bean factory for WebApplicationContext for namespace 'main-servlet': org.springframework.beans.factory.support.DefaultListableBeanFactory@1385b08: defining beans [userController,org.springframework.context.annotation.internalConfigurationAnnotationProcessor,org.springframework.context.annotation.internalAutowiredAnnotationProcessor,org.springframework.context.annotation.internalRequiredAnnotationProcessor,org.springframework.context.annotation.internalCommonAnnotationProcessor,org.springframework.web.servlet.mvc.method.annotation.RequestMappingHandlerMapping#0,org.springframework.format.support.FormattingConversionServiceFactoryBean#0,org.springframework.web.servlet.mvc.method.annotation.RequestMappingHandlerAdapter#0,org.springframework.web.servlet.handler.MappedInterceptor#0,org.springframework.web.servlet.mvc.method.annotation.ExceptionHandlerExceptionResolver#0,org.springframework.web.servlet.mvc.annotation.ResponseStatusExceptionResolver#0,org.springframework.web.servlet.mvc.support.DefaultHandlerExceptionResolver#0,org.springframework.web.servlet.handler.BeanNameUrlHandlerMapping,org.springframework.web.servlet.mvc.HttpRequestHandlerAdapter,org.springframework.web.servlet.mvc.SimpleControllerHandlerAdapter,contentNegotiationManager,org.springframework.web.servlet.resource.ResourceHttpRequestHandler#0,org.springframework.web.servlet.handler.SimpleUrlHandlerMapping#0]; root of factory hierarchy
362  [main] DEBUG org.springframework.beans.factory.support.DefaultListableBeanFactory  - Creating shared instance of singleton bean 'org.springframework.context.annotation.internalConfigurationAnnotationProcessor'
362  [main] DEBUG org.springframework.beans.factory.support.DefaultListableBeanFactory  - Creating instance of bean 'org.springframework.context.annotation.internalConfigurationAnnotationProcessor'
367  [main] DEBUG org.springframework.beans.factory.support.DefaultListableBeanFactory  - Eagerly caching bean 'org.springframework.context.annotation.internalConfigurationAnnotationProcessor' to allow for resolving potential circular references
368  [main] DEBUG org.springframework.beans.factory.support.DefaultListableBeanFactory  - Finished creating instance of bean 'org.springframework.context.annotation.internalConfigurationAnnotationProcessor'
409  [main] DEBUG org.springframework.beans.factory.support.DefaultListableBeanFactory  - Creating shared instance of singleton bean 'org.springframework.context.annotation.internalAutowiredAnnotationProcessor'
409  [main] DEBUG org.springframework.beans.factory.support.DefaultListableBeanFactory  - Creating instance of bean 'org.springframework.context.annotation.internalAutowiredAnnotationProcessor'
410  [main] INFO  org.springframework.beans.factory.annotation.AutowiredAnnotationBeanPostProcessor  - JSR-330 'javax.inject.Inject' annotation found and supported for autowiring
410  [main] DEBUG org.springframework.beans.factory.support.DefaultListableBeanFactory  - Eagerly caching bean 'org.springframework.context.annotation.internalAutowiredAnnotationProcessor' to allow for resolving potential circular references
410  [main] DEBUG org.springframework.beans.factory.support.DefaultListableBeanFactory  - Finished creating instance of bean 'org.springframework.context.annotation.internalAutowiredAnnotationProcessor'
410  [main] DEBUG org.springframework.beans.factory.support.DefaultListableBeanFactory  - Creating shared instance of singleton bean 'org.springframework.context.annotation.internalRequiredAnnotationProcessor'
410  [main] DEBUG org.springframework.beans.factory.support.DefaultListableBeanFactory  - Creating instance of bean 'org.springframework.context.annotation.internalRequiredAnnotationProcessor'
411  [main] DEBUG org.springframework.beans.factory.support.DefaultListableBeanFactory  - Eagerly caching bean 'org.springframework.context.annotation.internalRequiredAnnotationProcessor' to allow for resolving potential circular references
411  [main] DEBUG org.springframework.beans.factory.support.DefaultListableBeanFactory  - Finished creating instance of bean 'org.springframework.context.annotation.internalRequiredAnnotationProcessor'
411  [main] DEBUG org.springframework.beans.factory.support.DefaultListableBeanFactory  - Creating shared instance of singleton bean 'org.springframework.context.annotation.internalCommonAnnotationProcessor'
411  [main] DEBUG org.springframework.beans.factory.support.DefaultListableBeanFactory  - Creating instance of bean 'org.springframework.context.annotation.internalCommonAnnotationProcessor'
413  [main] DEBUG org.springframework.beans.factory.support.DefaultListableBeanFactory  - Eagerly caching bean 'org.springframework.context.annotation.internalCommonAnnotationProcessor' to allow for resolving potential circular references
413  [main] DEBUG org.springframework.beans.factory.support.DefaultListableBeanFactory  - Finished creating instance of bean 'org.springframework.context.annotation.internalCommonAnnotationProcessor'
413  [main] DEBUG org.springframework.beans.factory.support.DefaultListableBeanFactory  - Creating shared instance of singleton bean 'org.springframework.context.annotation.ConfigurationClassPostProcessor.importAwareProcessor'
413  [main] DEBUG org.springframework.beans.factory.support.DefaultListableBeanFactory  - Creating instance of bean 'org.springframework.context.annotation.ConfigurationClassPostProcessor.importAwareProcessor'
413  [main] DEBUG org.springframework.beans.factory.support.DefaultListableBeanFactory  - Eagerly caching bean 'org.springframework.context.annotation.ConfigurationClassPostProcessor.importAwareProcessor' to allow for resolving potential circular references
413  [main] DEBUG org.springframework.beans.factory.support.DefaultListableBeanFactory  - Finished creating instance of bean 'org.springframework.context.annotation.ConfigurationClassPostProcessor.importAwareProcessor'
415  [main] DEBUG org.springframework.web.context.support.XmlWebApplicationContext  - Unable to locate MessageSource with name 'messageSource': using default [org.springframework.context.support.DelegatingMessageSource@1112ff7]
416  [main] DEBUG org.springframework.web.context.support.XmlWebApplicationContext  - Unable to locate ApplicationEventMulticaster with name 'applicationEventMulticaster': using default [org.springframework.context.event.SimpleApplicationEventMulticaster@674286]
418  [main] DEBUG org.springframework.ui.context.support.UiApplicationContextUtils  - Unable to locate ThemeSource with name 'themeSource': using default [org.springframework.ui.context.support.ResourceBundleThemeSource@bc4735]
420  [main] INFO  org.springframework.beans.factory.support.DefaultListableBeanFactory  - Pre-instantiating singletons in org.springframework.beans.factory.support.DefaultListableBeanFactory@1385b08: defining beans [userController,org.springframework.context.annotation.internalConfigurationAnnotationProcessor,org.springframework.context.annotation.internalAutowiredAnnotationProcessor,org.springframework.context.annotation.internalRequiredAnnotationProcessor,org.springframework.context.annotation.internalCommonAnnotationProcessor,org.springframework.web.servlet.mvc.method.annotation.RequestMappingHandlerMapping#0,org.springframework.format.support.FormattingConversionServiceFactoryBean#0,org.springframework.web.servlet.mvc.method.annotation.RequestMappingHandlerAdapter#0,org.springframework.web.servlet.handler.MappedInterceptor#0,org.springframework.web.servlet.mvc.method.annotation.ExceptionHandlerExceptionResolver#0,org.springframework.web.servlet.mvc.annotation.ResponseStatusExceptionResolver#0,org.springframework.web.servlet.mvc.support.DefaultHandlerExceptionResolver#0,org.springframework.web.servlet.handler.BeanNameUrlHandlerMapping,org.springframework.web.servlet.mvc.HttpRequestHandlerAdapter,org.springframework.web.servlet.mvc.SimpleControllerHandlerAdapter,contentNegotiationManager,org.springframework.web.servlet.resource.ResourceHttpRequestHandler#0,org.springframework.web.servlet.handler.SimpleUrlHandlerMapping#0,org.springframework.context.annotation.ConfigurationClassPostProcessor.importAwareProcessor]; root of factory hierarchy
422  [main] DEBUG org.springframework.beans.factory.support.DefaultListableBeanFactory  - Creating shared instance of singleton bean 'userController'
422  [main] DEBUG org.springframework.beans.factory.support.DefaultListableBeanFactory  - Creating instance of bean 'userController'
428  [main] DEBUG org.springframework.beans.factory.support.DefaultListableBeanFactory  - Eagerly caching bean 'userController' to allow for resolving potential circular references
439  [main] DEBUG org.springframework.beans.factory.support.DefaultListableBeanFactory  - Finished creating instance of bean 'userController'
439  [main] DEBUG org.springframework.beans.factory.support.DefaultListableBeanFactory  - Returning cached instance of singleton bean 'org.springframework.context.annotation.internalConfigurationAnnotationProcessor'
439  [main] DEBUG org.springframework.beans.factory.support.DefaultListableBeanFactory  - Returning cached instance of singleton bean 'org.springframework.context.annotation.internalAutowiredAnnotationProcessor'
439  [main] DEBUG org.springframework.beans.factory.support.DefaultListableBeanFactory  - Returning cached instance of singleton bean 'org.springframework.context.annotation.internalRequiredAnnotationProcessor'
439  [main] DEBUG org.springframework.beans.factory.support.DefaultListableBeanFactory  - Returning cached instance of singleton bean 'org.springframework.context.annotation.internalCommonAnnotationProcessor'
439  [main] DEBUG org.springframework.beans.factory.support.DefaultListableBeanFactory  - Creating shared instance of singleton bean 'org.springframework.web.servlet.mvc.method.annotation.RequestMappingHandlerMapping#0'
439  [main] DEBUG org.springframework.beans.factory.support.DefaultListableBeanFactory  - Creating instance of bean 'org.springframework.web.servlet.mvc.method.annotation.RequestMappingHandlerMapping#0'
448  [main] DEBUG org.springframework.beans.factory.support.DefaultListableBeanFactory  - Eagerly caching bean 'org.springframework.web.servlet.mvc.method.annotation.RequestMappingHandlerMapping#0' to allow for resolving potential circular references
484  [main] DEBUG org.springframework.beans.factory.support.DefaultListableBeanFactory  - Creating shared instance of singleton bean 'contentNegotiationManager'
484  [main] DEBUG org.springframework.beans.factory.support.DefaultListableBeanFactory  - Creating instance of bean 'contentNegotiationManager'
486  [main] DEBUG org.springframework.beans.factory.support.DefaultListableBeanFactory  - Eagerly caching bean 'contentNegotiationManager' to allow for resolving potential circular references
499  [main] DEBUG org.springframework.beans.factory.support.DefaultListableBeanFactory  - Invoking afterPropertiesSet() on bean with name 'contentNegotiationManager'
500  [main] DEBUG org.springframework.beans.factory.support.DefaultListableBeanFactory  - Finished creating instance of bean 'contentNegotiationManager'
502  [main] DEBUG org.springframework.beans.factory.support.DefaultListableBeanFactory  - Creating shared instance of singleton bean 'org.springframework.web.servlet.handler.MappedInterceptor#0'
505  [main] DEBUG org.springframework.beans.factory.support.DefaultListableBeanFactory  - Creating instance of bean 'org.springframework.web.servlet.handler.MappedInterceptor#0'
509  [main] DEBUG org.springframework.beans.factory.support.DefaultListableBeanFactory  - Creating instance of bean '(inner bean)'
509  [main] DEBUG org.springframework.beans.factory.support.DefaultListableBeanFactory  - Creating shared instance of singleton bean 'org.springframework.format.support.FormattingConversionServiceFactoryBean#0'
510  [main] DEBUG org.springframework.beans.factory.support.DefaultListableBeanFactory  - Creating instance of bean 'org.springframework.format.support.FormattingConversionServiceFactoryBean#0'
510  [main] DEBUG org.springframework.beans.factory.support.DefaultListableBeanFactory  - Eagerly caching bean 'org.springframework.format.support.FormattingConversionServiceFactoryBean#0' to allow for resolving potential circular references
514  [main] DEBUG org.springframework.beans.factory.support.DefaultListableBeanFactory  - Invoking afterPropertiesSet() on bean with name 'org.springframework.format.support.FormattingConversionServiceFactoryBean#0'
522  [main] DEBUG org.springframework.beans.factory.support.DefaultListableBeanFactory  - Finished creating instance of bean 'org.springframework.format.support.FormattingConversionServiceFactoryBean#0'
530  [main] DEBUG org.springframework.beans.factory.support.DefaultListableBeanFactory  - Finished creating instance of bean '(inner bean)'
534  [main] DEBUG org.springframework.beans.BeanUtils  - No property editor [org.springframework.web.context.request.WebRequestInterceptorEditor] found for type org.springframework.web.context.request.WebRequestInterceptor according to 'Editor' suffix convention
534  [main] DEBUG org.springframework.beans.factory.support.DefaultListableBeanFactory  - Eagerly caching bean 'org.springframework.web.servlet.handler.MappedInterceptor#0' to allow for resolving potential circular references
537  [main] DEBUG org.springframework.beans.factory.support.DefaultListableBeanFactory  - Finished creating instance of bean 'org.springframework.web.servlet.handler.MappedInterceptor#0'
537  [main] DEBUG org.springframework.beans.factory.support.DefaultListableBeanFactory  - Invoking afterPropertiesSet() on bean with name 'org.springframework.web.servlet.mvc.method.annotation.RequestMappingHandlerMapping#0'
537  [main] DEBUG org.springframework.web.servlet.mvc.method.annotation.RequestMappingHandlerMapping  - Looking for request mappings in application context: WebApplicationContext for namespace 'main-servlet': startup date [Sun Mar 16 19:11:50 EET 2014]; root of context hierarchy
548  [main] INFO  org.springframework.web.servlet.mvc.method.annotation.RequestMappingHandlerMapping  - Mapped "{[/user/{id}],methods=[],params=[],headers=[],consumes=[],produces=[],custom=[]}" onto public com.balaguta.sandbox.jsonp.web.webobject.User com.balaguta.sandbox.jsonp.web.controller.UserController.getOne(java.lang.String,java.lang.String)
549  [main] DEBUG org.springframework.beans.factory.support.DefaultListableBeanFactory  - Finished creating instance of bean 'org.springframework.web.servlet.mvc.method.annotation.RequestMappingHandlerMapping#0'
549  [main] DEBUG org.springframework.beans.factory.support.DefaultListableBeanFactory  - Returning cached instance of singleton bean 'org.springframework.format.support.FormattingConversionServiceFactoryBean#0'
550  [main] DEBUG org.springframework.beans.factory.support.DefaultListableBeanFactory  - Creating shared instance of singleton bean 'org.springframework.web.servlet.mvc.method.annotation.RequestMappingHandlerAdapter#0'
550  [main] DEBUG org.springframework.beans.factory.support.DefaultListableBeanFactory  - Creating instance of bean 'org.springframework.web.servlet.mvc.method.annotation.RequestMappingHandlerAdapter#0'
864  [main] DEBUG org.springframework.beans.factory.support.DefaultListableBeanFactory  - Eagerly caching bean 'org.springframework.web.servlet.mvc.method.annotation.RequestMappingHandlerAdapter#0' to allow for resolving potential circular references
879  [main] DEBUG org.springframework.beans.factory.support.DefaultListableBeanFactory  - Returning cached instance of singleton bean 'contentNegotiationManager'
879  [main] DEBUG org.springframework.beans.factory.support.DefaultListableBeanFactory  - Creating instance of bean '(inner bean)#1'
884  [main] DEBUG org.springframework.beans.factory.support.DefaultListableBeanFactory  - Returning cached instance of singleton bean 'org.springframework.format.support.FormattingConversionServiceFactoryBean#0'
884  [main] DEBUG org.springframework.beans.factory.support.DefaultListableBeanFactory  - Finished creating instance of bean '(inner bean)#1'
885  [main] DEBUG org.springframework.beans.factory.support.DefaultListableBeanFactory  - Creating instance of bean '(inner bean)#2'
892  [main] DEBUG org.springframework.beans.factory.support.DefaultListableBeanFactory  - Finished creating instance of bean '(inner bean)#2'
892  [main] DEBUG org.springframework.beans.factory.support.DefaultListableBeanFactory  - Creating instance of bean '(inner bean)#3'
900  [main] DEBUG org.springframework.beans.factory.support.DefaultListableBeanFactory  - Finished creating instance of bean '(inner bean)#3'
901  [main] DEBUG org.springframework.beans.factory.support.DefaultListableBeanFactory  - Creating instance of bean '(inner bean)#4'
906  [main] DEBUG org.springframework.beans.factory.support.DefaultListableBeanFactory  - Finished creating instance of bean '(inner bean)#4'
906  [main] DEBUG org.springframework.beans.factory.support.DefaultListableBeanFactory  - Creating instance of bean '(inner bean)#5'
914  [main] DEBUG org.springframework.beans.factory.support.DefaultListableBeanFactory  - Finished creating instance of bean '(inner bean)#5'
914  [main] DEBUG org.springframework.beans.factory.support.DefaultListableBeanFactory  - Creating instance of bean '(inner bean)#6'
926  [main] DEBUG org.springframework.beans.factory.support.DefaultListableBeanFactory  - Finished creating instance of bean '(inner bean)#6'
926  [main] DEBUG org.springframework.beans.factory.support.DefaultListableBeanFactory  - Creating instance of bean '(inner bean)#7'
938  [main] DEBUG org.springframework.beans.factory.support.DefaultListableBeanFactory  - Finished creating instance of bean '(inner bean)#7'
938  [main] DEBUG org.springframework.beans.factory.support.DefaultListableBeanFactory  - Creating instance of bean '(inner bean)#8'
944  [main] DEBUG org.springframework.beans.factory.support.DefaultListableBeanFactory  - Finished creating instance of bean '(inner bean)#8'
945  [main] DEBUG org.springframework.beans.factory.support.DefaultListableBeanFactory  - Invoking afterPropertiesSet() on bean with name 'org.springframework.web.servlet.mvc.method.annotation.RequestMappingHandlerAdapter#0'
964  [main] DEBUG org.springframework.web.servlet.mvc.method.annotation.RequestMappingHandlerAdapter  - Looking for controller advice: WebApplicationContext for namespace 'main-servlet': startup date [Sun Mar 16 19:11:50 EET 2014]; root of context hierarchy
965  [main] DEBUG org.springframework.beans.factory.support.DefaultListableBeanFactory  - Finished creating instance of bean 'org.springframework.web.servlet.mvc.method.annotation.RequestMappingHandlerAdapter#0'
965  [main] DEBUG org.springframework.beans.factory.support.DefaultListableBeanFactory  - Returning cached instance of singleton bean 'org.springframework.web.servlet.handler.MappedInterceptor#0'
965  [main] DEBUG org.springframework.beans.factory.support.DefaultListableBeanFactory  - Creating shared instance of singleton bean 'org.springframework.web.servlet.mvc.method.annotation.ExceptionHandlerExceptionResolver#0'
965  [main] DEBUG org.springframework.beans.factory.support.DefaultListableBeanFactory  - Creating instance of bean 'org.springframework.web.servlet.mvc.method.annotation.ExceptionHandlerExceptionResolver#0'
980  [main] DEBUG org.springframework.beans.factory.support.DefaultListableBeanFactory  - Eagerly caching bean 'org.springframework.web.servlet.mvc.method.annotation.ExceptionHandlerExceptionResolver#0' to allow for resolving potential circular references
987  [main] DEBUG org.springframework.beans.factory.support.DefaultListableBeanFactory  - Returning cached instance of singleton bean 'contentNegotiationManager'
987  [main] DEBUG org.springframework.beans.factory.support.DefaultListableBeanFactory  - Creating instance of bean '(inner bean)#9'
987  [main] DEBUG org.springframework.beans.factory.support.DefaultListableBeanFactory  - Finished creating instance of bean '(inner bean)#9'
988  [main] DEBUG org.springframework.beans.factory.support.DefaultListableBeanFactory  - Creating instance of bean '(inner bean)#10'
991  [main] DEBUG org.springframework.beans.factory.support.DefaultListableBeanFactory  - Finished creating instance of bean '(inner bean)#10'
991  [main] DEBUG org.springframework.beans.factory.support.DefaultListableBeanFactory  - Creating instance of bean '(inner bean)#11'
992  [main] DEBUG org.springframework.beans.factory.support.DefaultListableBeanFactory  - Finished creating instance of bean '(inner bean)#11'
992  [main] DEBUG org.springframework.beans.factory.support.DefaultListableBeanFactory  - Creating instance of bean '(inner bean)#12'
995  [main] DEBUG org.springframework.beans.factory.support.DefaultListableBeanFactory  - Finished creating instance of bean '(inner bean)#12'
995  [main] DEBUG org.springframework.beans.factory.support.DefaultListableBeanFactory  - Creating instance of bean '(inner bean)#13'
1000 [main] DEBUG org.springframework.beans.factory.support.DefaultListableBeanFactory  - Finished creating instance of bean '(inner bean)#13'
1001 [main] DEBUG org.springframework.beans.factory.support.DefaultListableBeanFactory  - Creating instance of bean '(inner bean)#14'
1002 [main] DEBUG org.springframework.beans.factory.support.DefaultListableBeanFactory  - Finished creating instance of bean '(inner bean)#14'
1002 [main] DEBUG org.springframework.beans.factory.support.DefaultListableBeanFactory  - Creating instance of bean '(inner bean)#15'
1003 [main] DEBUG org.springframework.beans.factory.support.DefaultListableBeanFactory  - Finished creating instance of bean '(inner bean)#15'
1003 [main] DEBUG org.springframework.beans.factory.support.DefaultListableBeanFactory  - Invoking afterPropertiesSet() on bean with name 'org.springframework.web.servlet.mvc.method.annotation.ExceptionHandlerExceptionResolver#0'
1003 [main] DEBUG org.springframework.web.servlet.mvc.method.annotation.ExceptionHandlerExceptionResolver  - Looking for exception mappings: WebApplicationContext for namespace 'main-servlet': startup date [Sun Mar 16 19:11:50 EET 2014]; root of context hierarchy
1004 [main] DEBUG org.springframework.beans.factory.support.DefaultListableBeanFactory  - Finished creating instance of bean 'org.springframework.web.servlet.mvc.method.annotation.ExceptionHandlerExceptionResolver#0'
1004 [main] DEBUG org.springframework.beans.factory.support.DefaultListableBeanFactory  - Creating shared instance of singleton bean 'org.springframework.web.servlet.mvc.annotation.ResponseStatusExceptionResolver#0'
1004 [main] DEBUG org.springframework.beans.factory.support.DefaultListableBeanFactory  - Creating instance of bean 'org.springframework.web.servlet.mvc.annotation.ResponseStatusExceptionResolver#0'
1004 [main] DEBUG org.springframework.beans.factory.support.DefaultListableBeanFactory  - Eagerly caching bean 'org.springframework.web.servlet.mvc.annotation.ResponseStatusExceptionResolver#0' to allow for resolving potential circular references
1009 [main] DEBUG org.springframework.beans.factory.support.DefaultListableBeanFactory  - Finished creating instance of bean 'org.springframework.web.servlet.mvc.annotation.ResponseStatusExceptionResolver#0'
1009 [main] DEBUG org.springframework.beans.factory.support.DefaultListableBeanFactory  - Creating shared instance of singleton bean 'org.springframework.web.servlet.mvc.support.DefaultHandlerExceptionResolver#0'
1009 [main] DEBUG org.springframework.beans.factory.support.DefaultListableBeanFactory  - Creating instance of bean 'org.springframework.web.servlet.mvc.support.DefaultHandlerExceptionResolver#0'
1009 [main] DEBUG org.springframework.beans.factory.support.DefaultListableBeanFactory  - Eagerly caching bean 'org.springframework.web.servlet.mvc.support.DefaultHandlerExceptionResolver#0' to allow for resolving potential circular references
1013 [main] DEBUG org.springframework.beans.factory.support.DefaultListableBeanFactory  - Finished creating instance of bean 'org.springframework.web.servlet.mvc.support.DefaultHandlerExceptionResolver#0'
1013 [main] DEBUG org.springframework.beans.factory.support.DefaultListableBeanFactory  - Creating shared instance of singleton bean 'org.springframework.web.servlet.handler.BeanNameUrlHandlerMapping'
1013 [main] DEBUG org.springframework.beans.factory.support.DefaultListableBeanFactory  - Creating instance of bean 'org.springframework.web.servlet.handler.BeanNameUrlHandlerMapping'
1014 [main] DEBUG org.springframework.beans.factory.support.DefaultListableBeanFactory  - Eagerly caching bean 'org.springframework.web.servlet.handler.BeanNameUrlHandlerMapping' to allow for resolving potential circular references
1026 [main] DEBUG org.springframework.beans.factory.support.DefaultListableBeanFactory  - Returning cached instance of singleton bean 'org.springframework.web.servlet.handler.MappedInterceptor#0'
1027 [main] DEBUG org.springframework.web.servlet.handler.BeanNameUrlHandlerMapping  - Looking for URL mappings in application context: WebApplicationContext for namespace 'main-servlet': startup date [Sun Mar 16 19:11:50 EET 2014]; root of context hierarchy
1027 [main] DEBUG org.springframework.web.servlet.handler.BeanNameUrlHandlerMapping  - Rejected bean name 'userController': no URL paths identified
1027 [main] DEBUG org.springframework.web.servlet.handler.BeanNameUrlHandlerMapping  - Rejected bean name 'org.springframework.context.annotation.internalConfigurationAnnotationProcessor': no URL paths identified
1027 [main] DEBUG org.springframework.web.servlet.handler.BeanNameUrlHandlerMapping  - Rejected bean name 'org.springframework.context.annotation.internalAutowiredAnnotationProcessor': no URL paths identified
1027 [main] DEBUG org.springframework.web.servlet.handler.BeanNameUrlHandlerMapping  - Rejected bean name 'org.springframework.context.annotation.internalRequiredAnnotationProcessor': no URL paths identified
1027 [main] DEBUG org.springframework.web.servlet.handler.BeanNameUrlHandlerMapping  - Rejected bean name 'org.springframework.context.annotation.internalCommonAnnotationProcessor': no URL paths identified
1027 [main] DEBUG org.springframework.web.servlet.handler.BeanNameUrlHandlerMapping  - Rejected bean name 'org.springframework.web.servlet.mvc.method.annotation.RequestMappingHandlerMapping#0': no URL paths identified
1027 [main] DEBUG org.springframework.web.servlet.handler.BeanNameUrlHandlerMapping  - Rejected bean name 'org.springframework.format.support.FormattingConversionServiceFactoryBean#0': no URL paths identified
1027 [main] DEBUG org.springframework.web.servlet.handler.BeanNameUrlHandlerMapping  - Rejected bean name 'org.springframework.web.servlet.mvc.method.annotation.RequestMappingHandlerAdapter#0': no URL paths identified
1027 [main] DEBUG org.springframework.web.servlet.handler.BeanNameUrlHandlerMapping  - Rejected bean name 'org.springframework.web.servlet.handler.MappedInterceptor#0': no URL paths identified
1027 [main] DEBUG org.springframework.web.servlet.handler.BeanNameUrlHandlerMapping  - Rejected bean name 'org.springframework.web.servlet.mvc.method.annotation.ExceptionHandlerExceptionResolver#0': no URL paths identified
1027 [main] DEBUG org.springframework.web.servlet.handler.BeanNameUrlHandlerMapping  - Rejected bean name 'org.springframework.web.servlet.mvc.annotation.ResponseStatusExceptionResolver#0': no URL paths identified
1027 [main] DEBUG org.springframework.web.servlet.handler.BeanNameUrlHandlerMapping  - Rejected bean name 'org.springframework.web.servlet.mvc.support.DefaultHandlerExceptionResolver#0': no URL paths identified
1027 [main] DEBUG org.springframework.web.servlet.handler.BeanNameUrlHandlerMapping  - Rejected bean name 'org.springframework.web.servlet.handler.BeanNameUrlHandlerMapping': no URL paths identified
1027 [main] DEBUG org.springframework.web.servlet.handler.BeanNameUrlHandlerMapping  - Rejected bean name 'org.springframework.web.servlet.mvc.HttpRequestHandlerAdapter': no URL paths identified
1027 [main] DEBUG org.springframework.web.servlet.handler.BeanNameUrlHandlerMapping  - Rejected bean name 'org.springframework.web.servlet.mvc.SimpleControllerHandlerAdapter': no URL paths identified
1027 [main] DEBUG org.springframework.web.servlet.handler.BeanNameUrlHandlerMapping  - Rejected bean name 'contentNegotiationManager': no URL paths identified
1027 [main] DEBUG org.springframework.web.servlet.handler.BeanNameUrlHandlerMapping  - Rejected bean name 'org.springframework.web.servlet.resource.ResourceHttpRequestHandler#0': no URL paths identified
1027 [main] DEBUG org.springframework.web.servlet.handler.BeanNameUrlHandlerMapping  - Rejected bean name 'org.springframework.web.servlet.handler.SimpleUrlHandlerMapping#0': no URL paths identified
1027 [main] DEBUG org.springframework.web.servlet.handler.BeanNameUrlHandlerMapping  - Rejected bean name 'org.springframework.context.annotation.ConfigurationClassPostProcessor.importAwareProcessor': no URL paths identified
1027 [main] DEBUG org.springframework.web.servlet.handler.BeanNameUrlHandlerMapping  - Rejected bean name 'environment': no URL paths identified
1027 [main] DEBUG org.springframework.web.servlet.handler.BeanNameUrlHandlerMapping  - Rejected bean name 'systemProperties': no URL paths identified
1027 [main] DEBUG org.springframework.web.servlet.handler.BeanNameUrlHandlerMapping  - Rejected bean name 'systemEnvironment': no URL paths identified
1027 [main] DEBUG org.springframework.web.servlet.handler.BeanNameUrlHandlerMapping  - Rejected bean name 'servletContext': no URL paths identified
1027 [main] DEBUG org.springframework.web.servlet.handler.BeanNameUrlHandlerMapping  - Rejected bean name 'servletConfig': no URL paths identified
1027 [main] DEBUG org.springframework.web.servlet.handler.BeanNameUrlHandlerMapping  - Rejected bean name 'contextParameters': no URL paths identified
1027 [main] DEBUG org.springframework.web.servlet.handler.BeanNameUrlHandlerMapping  - Rejected bean name 'contextAttributes': no URL paths identified
1028 [main] DEBUG org.springframework.web.servlet.handler.BeanNameUrlHandlerMapping  - Rejected bean name 'org.springframework.context.annotation.ConfigurationClassPostProcessor.importRegistry': no URL paths identified
1028 [main] DEBUG org.springframework.web.servlet.handler.BeanNameUrlHandlerMapping  - Rejected bean name 'messageSource': no URL paths identified
1028 [main] DEBUG org.springframework.web.servlet.handler.BeanNameUrlHandlerMapping  - Rejected bean name 'applicationEventMulticaster': no URL paths identified
1028 [main] DEBUG org.springframework.beans.factory.support.DefaultListableBeanFactory  - Finished creating instance of bean 'org.springframework.web.servlet.handler.BeanNameUrlHandlerMapping'
1028 [main] DEBUG org.springframework.beans.factory.support.DefaultListableBeanFactory  - Creating shared instance of singleton bean 'org.springframework.web.servlet.mvc.HttpRequestHandlerAdapter'
1028 [main] DEBUG org.springframework.beans.factory.support.DefaultListableBeanFactory  - Creating instance of bean 'org.springframework.web.servlet.mvc.HttpRequestHandlerAdapter'
1028 [main] DEBUG org.springframework.beans.factory.support.DefaultListableBeanFactory  - Eagerly caching bean 'org.springframework.web.servlet.mvc.HttpRequestHandlerAdapter' to allow for resolving potential circular references
1030 [main] DEBUG org.springframework.beans.factory.support.DefaultListableBeanFactory  - Finished creating instance of bean 'org.springframework.web.servlet.mvc.HttpRequestHandlerAdapter'
1030 [main] DEBUG org.springframework.beans.factory.support.DefaultListableBeanFactory  - Creating shared instance of singleton bean 'org.springframework.web.servlet.mvc.SimpleControllerHandlerAdapter'
1030 [main] DEBUG org.springframework.beans.factory.support.DefaultListableBeanFactory  - Creating instance of bean 'org.springframework.web.servlet.mvc.SimpleControllerHandlerAdapter'
1030 [main] DEBUG org.springframework.beans.factory.support.DefaultListableBeanFactory  - Eagerly caching bean 'org.springframework.web.servlet.mvc.SimpleControllerHandlerAdapter' to allow for resolving potential circular references
1032 [main] DEBUG org.springframework.beans.factory.support.DefaultListableBeanFactory  - Finished creating instance of bean 'org.springframework.web.servlet.mvc.SimpleControllerHandlerAdapter'
1032 [main] DEBUG org.springframework.beans.factory.support.DefaultListableBeanFactory  - Returning cached instance of singleton bean 'contentNegotiationManager'
1032 [main] DEBUG org.springframework.beans.factory.support.DefaultListableBeanFactory  - Creating shared instance of singleton bean 'org.springframework.web.servlet.resource.ResourceHttpRequestHandler#0'
1032 [main] DEBUG org.springframework.beans.factory.support.DefaultListableBeanFactory  - Creating instance of bean 'org.springframework.web.servlet.resource.ResourceHttpRequestHandler#0'
1033 [main] DEBUG org.springframework.beans.factory.support.DefaultListableBeanFactory  - Eagerly caching bean 'org.springframework.web.servlet.resource.ResourceHttpRequestHandler#0' to allow for resolving potential circular references
1041 [main] DEBUG org.springframework.beans.factory.support.DefaultListableBeanFactory  - Invoking afterPropertiesSet() on bean with name 'org.springframework.web.servlet.resource.ResourceHttpRequestHandler#0'
1041 [main] DEBUG org.springframework.beans.factory.support.DefaultListableBeanFactory  - Finished creating instance of bean 'org.springframework.web.servlet.resource.ResourceHttpRequestHandler#0'
1041 [main] DEBUG org.springframework.beans.factory.support.DefaultListableBeanFactory  - Creating shared instance of singleton bean 'org.springframework.web.servlet.handler.SimpleUrlHandlerMapping#0'
1041 [main] DEBUG org.springframework.beans.factory.support.DefaultListableBeanFactory  - Creating instance of bean 'org.springframework.web.servlet.handler.SimpleUrlHandlerMapping#0'
1042 [main] DEBUG org.springframework.beans.factory.support.DefaultListableBeanFactory  - Eagerly caching bean 'org.springframework.web.servlet.handler.SimpleUrlHandlerMapping#0' to allow for resolving potential circular references
1052 [main] DEBUG org.springframework.beans.factory.support.DefaultListableBeanFactory  - Returning cached instance of singleton bean 'org.springframework.web.servlet.handler.MappedInterceptor#0'
1052 [main] DEBUG org.springframework.beans.factory.support.DefaultListableBeanFactory  - Returning cached instance of singleton bean 'org.springframework.web.servlet.resource.ResourceHttpRequestHandler#0'
1053 [main] INFO  org.springframework.web.servlet.handler.SimpleUrlHandlerMapping  - Mapped URL path [/**/*.html] onto handler 'org.springframework.web.servlet.resource.ResourceHttpRequestHandler#0'
1053 [main] DEBUG org.springframework.beans.factory.support.DefaultListableBeanFactory  - Finished creating instance of bean 'org.springframework.web.servlet.handler.SimpleUrlHandlerMapping#0'
1053 [main] DEBUG org.springframework.beans.factory.support.DefaultListableBeanFactory  - Returning cached instance of singleton bean 'org.springframework.context.annotation.ConfigurationClassPostProcessor.importAwareProcessor'
1055 [main] DEBUG org.springframework.web.context.support.XmlWebApplicationContext  - Unable to locate LifecycleProcessor with name 'lifecycleProcessor': using default [org.springframework.context.support.DefaultLifecycleProcessor@176e6f]
1055 [main] DEBUG org.springframework.beans.factory.support.DefaultListableBeanFactory  - Returning cached instance of singleton bean 'lifecycleProcessor'
1056 [main] DEBUG org.springframework.web.servlet.DispatcherServlet  - Unable to locate MultipartResolver with name 'multipartResolver': no multipart request handling provided
1057 [main] DEBUG org.springframework.beans.factory.support.DefaultListableBeanFactory  - Creating instance of bean 'org.springframework.web.servlet.i18n.AcceptHeaderLocaleResolver'
1059 [main] DEBUG org.springframework.beans.factory.support.DefaultListableBeanFactory  - Finished creating instance of bean 'org.springframework.web.servlet.i18n.AcceptHeaderLocaleResolver'
1059 [main] DEBUG org.springframework.web.servlet.DispatcherServlet  - Unable to locate LocaleResolver with name 'localeResolver': using default [org.springframework.web.servlet.i18n.AcceptHeaderLocaleResolver@10d3e69]
1060 [main] DEBUG org.springframework.beans.factory.support.DefaultListableBeanFactory  - Creating instance of bean 'org.springframework.web.servlet.theme.FixedThemeResolver'
1064 [main] DEBUG org.springframework.beans.factory.support.DefaultListableBeanFactory  - Finished creating instance of bean 'org.springframework.web.servlet.theme.FixedThemeResolver'
1064 [main] DEBUG org.springframework.web.servlet.DispatcherServlet  - Unable to locate ThemeResolver with name 'themeResolver': using default [org.springframework.web.servlet.theme.FixedThemeResolver@80a316]
1064 [main] DEBUG org.springframework.beans.factory.support.DefaultListableBeanFactory  - Returning cached instance of singleton bean 'org.springframework.web.servlet.mvc.method.annotation.RequestMappingHandlerMapping#0'
1064 [main] DEBUG org.springframework.beans.factory.support.DefaultListableBeanFactory  - Returning cached instance of singleton bean 'org.springframework.web.servlet.handler.BeanNameUrlHandlerMapping'
1064 [main] DEBUG org.springframework.beans.factory.support.DefaultListableBeanFactory  - Returning cached instance of singleton bean 'org.springframework.web.servlet.handler.SimpleUrlHandlerMapping#0'
1065 [main] DEBUG org.springframework.beans.factory.support.DefaultListableBeanFactory  - Returning cached instance of singleton bean 'org.springframework.web.servlet.mvc.method.annotation.RequestMappingHandlerAdapter#0'
1065 [main] DEBUG org.springframework.beans.factory.support.DefaultListableBeanFactory  - Returning cached instance of singleton bean 'org.springframework.web.servlet.mvc.HttpRequestHandlerAdapter'
1065 [main] DEBUG org.springframework.beans.factory.support.DefaultListableBeanFactory  - Returning cached instance of singleton bean 'org.springframework.web.servlet.mvc.SimpleControllerHandlerAdapter'
1065 [main] DEBUG org.springframework.beans.factory.support.DefaultListableBeanFactory  - Returning cached instance of singleton bean 'org.springframework.web.servlet.mvc.method.annotation.ExceptionHandlerExceptionResolver#0'
1065 [main] DEBUG org.springframework.beans.factory.support.DefaultListableBeanFactory  - Returning cached instance of singleton bean 'org.springframework.web.servlet.mvc.annotation.ResponseStatusExceptionResolver#0'
1065 [main] DEBUG org.springframework.beans.factory.support.DefaultListableBeanFactory  - Returning cached instance of singleton bean 'org.springframework.web.servlet.mvc.support.DefaultHandlerExceptionResolver#0'
1065 [main] DEBUG org.springframework.beans.factory.support.DefaultListableBeanFactory  - Creating instance of bean 'org.springframework.web.servlet.view.DefaultRequestToViewNameTranslator'
1068 [main] DEBUG org.springframework.beans.factory.support.DefaultListableBeanFactory  - Finished creating instance of bean 'org.springframework.web.servlet.view.DefaultRequestToViewNameTranslator'
1068 [main] DEBUG org.springframework.web.servlet.DispatcherServlet  - Unable to locate RequestToViewNameTranslator with name 'viewNameTranslator': using default [org.springframework.web.servlet.view.DefaultRequestToViewNameTranslator@d28272]
1070 [main] DEBUG org.springframework.beans.factory.support.DefaultListableBeanFactory  - Creating instance of bean 'org.springframework.web.servlet.view.InternalResourceViewResolver'
1090 [main] DEBUG org.springframework.beans.factory.support.DefaultListableBeanFactory  - Finished creating instance of bean 'org.springframework.web.servlet.view.InternalResourceViewResolver'
1090 [main] DEBUG org.springframework.web.servlet.DispatcherServlet  - No ViewResolvers found in servlet 'main': using default
1091 [main] DEBUG org.springframework.beans.factory.support.DefaultListableBeanFactory  - Creating instance of bean 'org.springframework.web.servlet.support.SessionFlashMapManager'
1097 [main] DEBUG org.springframework.beans.factory.support.DefaultListableBeanFactory  - Finished creating instance of bean 'org.springframework.web.servlet.support.SessionFlashMapManager'
1097 [main] DEBUG org.springframework.web.servlet.DispatcherServlet  - Unable to locate FlashMapManager with name 'flashMapManager': using default [org.springframework.web.servlet.support.SessionFlashMapManager@1257c13]
1099 [main] DEBUG org.springframework.core.env.PropertySourcesPropertyResolver  - Searching for key 'spring.liveBeansView.mbeanDomain' in [servletConfigInitParams]
1099 [main] DEBUG org.springframework.core.env.PropertySourcesPropertyResolver  - Searching for key 'spring.liveBeansView.mbeanDomain' in [servletContextInitParams]
1099 [main] DEBUG org.springframework.core.env.PropertySourcesPropertyResolver  - Searching for key 'spring.liveBeansView.mbeanDomain' in [jndiProperties]
1099 [main] DEBUG org.springframework.jndi.JndiTemplate  - Looking up JNDI object with name [java:comp/env/spring.liveBeansView.mbeanDomain]
1101 [main] DEBUG org.springframework.jndi.JndiLocatorDelegate  - Converted JNDI name [java:comp/env/spring.liveBeansView.mbeanDomain] not found - trying original name [spring.liveBeansView.mbeanDomain]. javax.naming.NameNotFoundException; remaining name 'spring.liveBeansView.mbeanDomain'
1101 [main] DEBUG org.springframework.jndi.JndiTemplate  - Looking up JNDI object with name [spring.liveBeansView.mbeanDomain]
1101 [main] DEBUG org.springframework.jndi.JndiPropertySource  - JNDI lookup for name [spring.liveBeansView.mbeanDomain] threw NamingException with message: null. Returning null.
1101 [main] DEBUG org.springframework.core.env.PropertySourcesPropertyResolver  - Searching for key 'spring.liveBeansView.mbeanDomain' in [systemProperties]
1101 [main] DEBUG org.springframework.core.env.PropertySourcesPropertyResolver  - Searching for key 'spring.liveBeansView.mbeanDomain' in [systemEnvironment]
1102 [main] DEBUG org.springframework.core.env.PropertySourcesPropertyResolver  - Could not find key 'spring.liveBeansView.mbeanDomain' in any property source. Returning [null]
1102 [main] DEBUG org.springframework.web.servlet.DispatcherServlet  - Published WebApplicationContext of servlet 'main' as ServletContext attribute with name [org.springframework.web.servlet.FrameworkServlet.CONTEXT.main]
1102 [main] INFO  org.springframework.web.servlet.DispatcherServlet  - FrameworkServlet 'main': initialization completed in 1043 ms
1102 [main] DEBUG org.springframework.web.servlet.DispatcherServlet  - Servlet 'main' configured successfully
410318 [qtp24639661-13] DEBUG org.springframework.web.servlet.DispatcherServlet  - DispatcherServlet with name 'main' processing GET request for [/user/balaguan]
410320 [qtp24639661-13] DEBUG org.springframework.web.servlet.mvc.method.annotation.RequestMappingHandlerMapping  - Looking up handler method for path /user/balaguan
410322 [qtp24639661-13] DEBUG org.springframework.web.servlet.mvc.method.annotation.RequestMappingHandlerMapping  - Returning handler method [public com.balaguta.sandbox.jsonp.web.webobject.User com.balaguta.sandbox.jsonp.web.controller.UserController.getOne(java.lang.String,java.lang.String)]
410322 [qtp24639661-13] DEBUG org.springframework.beans.factory.support.DefaultListableBeanFactory  - Returning cached instance of singleton bean 'userController'
410323 [qtp24639661-13] DEBUG org.springframework.web.servlet.DispatcherServlet  - Last-Modified value for [/user/balaguan] is: -1
410346 [qtp24639661-13] DEBUG org.springframework.web.accept.FixedContentNegotiationStrategy  - Requested media types is application/json (based on default MediaType)
410384 [qtp24639661-13] DEBUG org.springframework.web.servlet.mvc.method.annotation.RequestResponseBodyMethodProcessor  - Written [User{id='balaguan', firstName='Andriy', lastName='Balaguta'}] as "application/json;charset=UTF-8" using [org.springframework.http.converter.json.MappingJacksonHttpMessageConverter@e804fb]
410384 [qtp24639661-13] DEBUG org.springframework.web.servlet.DispatcherServlet  - Null ModelAndView returned to DispatcherServlet with name 'main': assuming HandlerAdapter completed request handling
410385 [qtp24639661-13] DEBUG org.springframework.web.servlet.DispatcherServlet  - Successfully completed request
413647 [qtp24639661-11] DEBUG org.springframework.web.servlet.DispatcherServlet  - DispatcherServlet with name 'main' processing GET request for [/user/balaguan]
413648 [qtp24639661-11] DEBUG org.springframework.web.servlet.mvc.method.annotation.RequestMappingHandlerMapping  - Looking up handler method for path /user/balaguan
413648 [qtp24639661-11] DEBUG org.springframework.web.servlet.mvc.method.annotation.RequestMappingHandlerMapping  - Returning handler method [public com.balaguta.sandbox.jsonp.web.webobject.User com.balaguta.sandbox.jsonp.web.controller.UserController.getOne(java.lang.String,java.lang.String)]
413648 [qtp24639661-11] DEBUG org.springframework.beans.factory.support.DefaultListableBeanFactory  - Returning cached instance of singleton bean 'userController'
413648 [qtp24639661-11] DEBUG org.springframework.web.servlet.DispatcherServlet  - Last-Modified value for [/user/balaguan] is: -1
413715 [qtp24639661-11] DEBUG org.springframework.web.servlet.mvc.method.annotation.RequestResponseBodyMethodProcessor  - Written [User{id='balaguan', firstName='Andriy', lastName='Balaguta'}] as "application/xml" using [org.springframework.http.converter.xml.Jaxb2RootElementHttpMessageConverter@1e5b23e]
413716 [qtp24639661-11] DEBUG org.springframework.web.servlet.DispatcherServlet  - Null ModelAndView returned to DispatcherServlet with name 'main': assuming HandlerAdapter completed request handling
413716 [qtp24639661-11] DEBUG org.springframework.web.servlet.DispatcherServlet  - Successfully completed request
